<?xml version="1.0" encoding="UTF-8"?>
<testsuite xmlns:xsi="http://www.w3.org/2001/XMLSchema-instance" xsi:noNamespaceSchemaLocation="https://maven.apache.org/surefire/maven-surefire-plugin/xsd/surefire-test-report-3.0.xsd" version="3.0" name="ch.hatbe.calculatingChat.commands.NetherCoordinatesCommandTest" time="0.18" tests="23" errors="0" skipped="0" failures="0">
  <properties>
    <property name="java.specification.version" value="21"/>
    <property name="sun.cpu.isalist" value="amd64"/>
    <property name="sun.jnu.encoding" value="Cp1252"/>
    <property name="java.class.path" value="E:\nc\private\Webapps\CalculatingChat\target\test-classes;E:\nc\private\Webapps\CalculatingChat\target\classes;C:\Users\ag\.m2\repository\io\papermc\paper\paper-api\1.21.3-R0.1-SNAPSHOT\paper-api-1.21.3-R0.1-SNAPSHOT.jar;C:\Users\ag\.m2\repository\com\mojang\brigadier\1.2.9\brigadier-1.2.9.jar;C:\Users\ag\.m2\repository\com\google\guava\guava\32.1.2-jre\guava-32.1.2-jre.jar;C:\Users\ag\.m2\repository\com\google\guava\failureaccess\1.0.1\failureaccess-1.0.1.jar;C:\Users\ag\.m2\repository\com\google\guava\listenablefuture\9999.0-empty-to-avoid-conflict-with-guava\listenablefuture-9999.0-empty-to-avoid-conflict-with-guava.jar;C:\Users\ag\.m2\repository\com\google\code\findbugs\jsr305\3.0.2\jsr305-3.0.2.jar;C:\Users\ag\.m2\repository\com\google\errorprone\error_prone_annotations\2.18.0\error_prone_annotations-2.18.0.jar;C:\Users\ag\.m2\repository\com\google\j2objc\j2objc-annotations\2.8\j2objc-annotations-2.8.jar;C:\Users\ag\.m2\repository\com\google\code\gson\gson\2.10.1\gson-2.10.1.jar;C:\Users\ag\.m2\repository\net\md-5\bungeecord-chat\1.20-R0.2-deprecated+build.18\bungeecord-chat-1.20-R0.2-deprecated+build.18.jar;C:\Users\ag\.m2\repository\org\yaml\snakeyaml\2.2\snakeyaml-2.2.jar;C:\Users\ag\.m2\repository\org\joml\joml\1.10.5\joml-1.10.5.jar;C:\Users\ag\.m2\repository\com\googlecode\json-simple\json-simple\1.1.1\json-simple-1.1.1.jar;C:\Users\ag\.m2\repository\it\unimi\dsi\fastutil\8.5.6\fastutil-8.5.6.jar;C:\Users\ag\.m2\repository\org\apache\logging\log4j\log4j-api\2.17.1\log4j-api-2.17.1.jar;C:\Users\ag\.m2\repository\org\slf4j\slf4j-api\2.0.9\slf4j-api-2.0.9.jar;C:\Users\ag\.m2\repository\org\apache\maven\maven-resolver-provider\3.9.6\maven-resolver-provider-3.9.6.jar;C:\Users\ag\.m2\repository\org\apache\maven\maven-model\3.9.6\maven-model-3.9.6.jar;C:\Users\ag\.m2\repository\org\apache\maven\maven-model-builder\3.9.6\maven-model-builder-3.9.6.jar;C:\Users\ag\.m2\repository\org\codehaus\plexus\plexus-interpolation\1.26\plexus-interpolation-1.26.jar;C:\Users\ag\.m2\repository\org\apache\maven\maven-artifact\3.9.6\maven-artifact-3.9.6.jar;C:\Users\ag\.m2\repository\org\apache\commons\commons-lang3\3.12.0\commons-lang3-3.12.0.jar;C:\Users\ag\.m2\repository\org\apache\maven\maven-builder-support\3.9.6\maven-builder-support-3.9.6.jar;C:\Users\ag\.m2\repository\org\eclipse\sisu\org.eclipse.sisu.inject\0.9.0.M2\org.eclipse.sisu.inject-0.9.0.M2.jar;C:\Users\ag\.m2\repository\org\apache\maven\maven-repository-metadata\3.9.6\maven-repository-metadata-3.9.6.jar;C:\Users\ag\.m2\repository\org\apache\maven\resolver\maven-resolver-api\1.9.18\maven-resolver-api-1.9.18.jar;C:\Users\ag\.m2\repository\org\apache\maven\resolver\maven-resolver-spi\1.9.18\maven-resolver-spi-1.9.18.jar;C:\Users\ag\.m2\repository\org\apache\maven\resolver\maven-resolver-util\1.9.18\maven-resolver-util-1.9.18.jar;C:\Users\ag\.m2\repository\org\apache\maven\resolver\maven-resolver-impl\1.9.18\maven-resolver-impl-1.9.18.jar;C:\Users\ag\.m2\repository\org\apache\maven\resolver\maven-resolver-named-locks\1.9.18\maven-resolver-named-locks-1.9.18.jar;C:\Users\ag\.m2\repository\org\codehaus\plexus\plexus-utils\3.5.1\plexus-utils-3.5.1.jar;C:\Users\ag\.m2\repository\javax\inject\javax.inject\1\javax.inject-1.jar;C:\Users\ag\.m2\repository\org\jspecify\jspecify\1.0.0\jspecify-1.0.0.jar;C:\Users\ag\.m2\repository\net\kyori\adventure-api\4.17.0\adventure-api-4.17.0.jar;C:\Users\ag\.m2\repository\net\kyori\adventure-key\4.17.0\adventure-key-4.17.0.jar;C:\Users\ag\.m2\repository\net\kyori\examination-api\1.3.0\examination-api-1.3.0.jar;C:\Users\ag\.m2\repository\net\kyori\examination-string\1.3.0\examination-string-1.3.0.jar;C:\Users\ag\.m2\repository\org\jetbrains\annotations\24.1.0\annotations-24.1.0.jar;C:\Users\ag\.m2\repository\net\kyori\adventure-text-minimessage\4.17.0\adventure-text-minimessage-4.17.0.jar;C:\Users\ag\.m2\repository\net\kyori\adventure-text-serializer-gson\4.17.0\adventure-text-serializer-gson-4.17.0.jar;C:\Users\ag\.m2\repository\net\kyori\adventure-text-serializer-json\4.17.0\adventure-text-serializer-json-4.17.0.jar;C:\Users\ag\.m2\repository\net\kyori\option\1.0.0\option-1.0.0.jar;C:\Users\ag\.m2\repository\com\google\auto\service\auto-service-annotations\1.1.1\auto-service-annotations-1.1.1.jar;C:\Users\ag\.m2\repository\net\kyori\adventure-text-serializer-legacy\4.17.0\adventure-text-serializer-legacy-4.17.0.jar;C:\Users\ag\.m2\repository\net\kyori\adventure-text-serializer-plain\4.17.0\adventure-text-serializer-plain-4.17.0.jar;C:\Users\ag\.m2\repository\net\kyori\adventure-text-logger-slf4j\4.17.0\adventure-text-logger-slf4j-4.17.0.jar;C:\Users\ag\.m2\repository\org\checkerframework\checker-qual\3.33.0\checker-qual-3.33.0.jar;C:\Users\ag\.m2\repository\org\ow2\asm\asm\9.7.1\asm-9.7.1.jar;C:\Users\ag\.m2\repository\org\ow2\asm\asm-commons\9.7.1\asm-commons-9.7.1.jar;C:\Users\ag\.m2\repository\org\ow2\asm\asm-tree\9.7.1\asm-tree-9.7.1.jar;C:\Users\ag\.m2\repository\org\junit\jupiter\junit-jupiter\5.11.4\junit-jupiter-5.11.4.jar;C:\Users\ag\.m2\repository\org\junit\jupiter\junit-jupiter-api\5.11.4\junit-jupiter-api-5.11.4.jar;C:\Users\ag\.m2\repository\org\opentest4j\opentest4j\1.3.0\opentest4j-1.3.0.jar;C:\Users\ag\.m2\repository\org\junit\platform\junit-platform-commons\1.11.4\junit-platform-commons-1.11.4.jar;C:\Users\ag\.m2\repository\org\apiguardian\apiguardian-api\1.1.2\apiguardian-api-1.1.2.jar;C:\Users\ag\.m2\repository\org\junit\jupiter\junit-jupiter-params\5.11.4\junit-jupiter-params-5.11.4.jar;C:\Users\ag\.m2\repository\org\junit\jupiter\junit-jupiter-engine\5.11.4\junit-jupiter-engine-5.11.4.jar;C:\Users\ag\.m2\repository\org\junit\platform\junit-platform-engine\1.11.4\junit-platform-engine-1.11.4.jar;"/>
    <property name="java.vm.vendor" value="Oracle Corporation"/>
    <property name="sun.arch.data.model" value="64"/>
    <property name="user.variant" value=""/>
    <property name="java.vendor.url" value="https://java.oracle.com/"/>
    <property name="user.timezone" value="Europe/Zurich"/>
    <property name="os.name" value="Windows 10"/>
    <property name="java.vm.specification.version" value="21"/>
    <property name="sun.java.launcher" value="SUN_STANDARD"/>
    <property name="user.country" value="CH"/>
    <property name="sun.boot.library.path" value="C:\Program Files\Java\jdk-21\bin"/>
    <property name="sun.java.command" value="C:\Users\ag\AppData\Local\Temp\surefire14235265803298241867\surefirebooter-20250107223538021_3.jar C:\Users\ag\AppData\Local\Temp\surefire14235265803298241867 2025-01-07T22-35-37_157-jvmRun1 surefire-20250107223538021_1tmp surefire_0-20250107223538021_2tmp"/>
    <property name="jdk.debug" value="release"/>
    <property name="surefire.test.class.path" value="E:\nc\private\Webapps\CalculatingChat\target\test-classes;E:\nc\private\Webapps\CalculatingChat\target\classes;C:\Users\ag\.m2\repository\io\papermc\paper\paper-api\1.21.3-R0.1-SNAPSHOT\paper-api-1.21.3-R0.1-SNAPSHOT.jar;C:\Users\ag\.m2\repository\com\mojang\brigadier\1.2.9\brigadier-1.2.9.jar;C:\Users\ag\.m2\repository\com\google\guava\guava\32.1.2-jre\guava-32.1.2-jre.jar;C:\Users\ag\.m2\repository\com\google\guava\failureaccess\1.0.1\failureaccess-1.0.1.jar;C:\Users\ag\.m2\repository\com\google\guava\listenablefuture\9999.0-empty-to-avoid-conflict-with-guava\listenablefuture-9999.0-empty-to-avoid-conflict-with-guava.jar;C:\Users\ag\.m2\repository\com\google\code\findbugs\jsr305\3.0.2\jsr305-3.0.2.jar;C:\Users\ag\.m2\repository\com\google\errorprone\error_prone_annotations\2.18.0\error_prone_annotations-2.18.0.jar;C:\Users\ag\.m2\repository\com\google\j2objc\j2objc-annotations\2.8\j2objc-annotations-2.8.jar;C:\Users\ag\.m2\repository\com\google\code\gson\gson\2.10.1\gson-2.10.1.jar;C:\Users\ag\.m2\repository\net\md-5\bungeecord-chat\1.20-R0.2-deprecated+build.18\bungeecord-chat-1.20-R0.2-deprecated+build.18.jar;C:\Users\ag\.m2\repository\org\yaml\snakeyaml\2.2\snakeyaml-2.2.jar;C:\Users\ag\.m2\repository\org\joml\joml\1.10.5\joml-1.10.5.jar;C:\Users\ag\.m2\repository\com\googlecode\json-simple\json-simple\1.1.1\json-simple-1.1.1.jar;C:\Users\ag\.m2\repository\it\unimi\dsi\fastutil\8.5.6\fastutil-8.5.6.jar;C:\Users\ag\.m2\repository\org\apache\logging\log4j\log4j-api\2.17.1\log4j-api-2.17.1.jar;C:\Users\ag\.m2\repository\org\slf4j\slf4j-api\2.0.9\slf4j-api-2.0.9.jar;C:\Users\ag\.m2\repository\org\apache\maven\maven-resolver-provider\3.9.6\maven-resolver-provider-3.9.6.jar;C:\Users\ag\.m2\repository\org\apache\maven\maven-model\3.9.6\maven-model-3.9.6.jar;C:\Users\ag\.m2\repository\org\apache\maven\maven-model-builder\3.9.6\maven-model-builder-3.9.6.jar;C:\Users\ag\.m2\repository\org\codehaus\plexus\plexus-interpolation\1.26\plexus-interpolation-1.26.jar;C:\Users\ag\.m2\repository\org\apache\maven\maven-artifact\3.9.6\maven-artifact-3.9.6.jar;C:\Users\ag\.m2\repository\org\apache\commons\commons-lang3\3.12.0\commons-lang3-3.12.0.jar;C:\Users\ag\.m2\repository\org\apache\maven\maven-builder-support\3.9.6\maven-builder-support-3.9.6.jar;C:\Users\ag\.m2\repository\org\eclipse\sisu\org.eclipse.sisu.inject\0.9.0.M2\org.eclipse.sisu.inject-0.9.0.M2.jar;C:\Users\ag\.m2\repository\org\apache\maven\maven-repository-metadata\3.9.6\maven-repository-metadata-3.9.6.jar;C:\Users\ag\.m2\repository\org\apache\maven\resolver\maven-resolver-api\1.9.18\maven-resolver-api-1.9.18.jar;C:\Users\ag\.m2\repository\org\apache\maven\resolver\maven-resolver-spi\1.9.18\maven-resolver-spi-1.9.18.jar;C:\Users\ag\.m2\repository\org\apache\maven\resolver\maven-resolver-util\1.9.18\maven-resolver-util-1.9.18.jar;C:\Users\ag\.m2\repository\org\apache\maven\resolver\maven-resolver-impl\1.9.18\maven-resolver-impl-1.9.18.jar;C:\Users\ag\.m2\repository\org\apache\maven\resolver\maven-resolver-named-locks\1.9.18\maven-resolver-named-locks-1.9.18.jar;C:\Users\ag\.m2\repository\org\codehaus\plexus\plexus-utils\3.5.1\plexus-utils-3.5.1.jar;C:\Users\ag\.m2\repository\javax\inject\javax.inject\1\javax.inject-1.jar;C:\Users\ag\.m2\repository\org\jspecify\jspecify\1.0.0\jspecify-1.0.0.jar;C:\Users\ag\.m2\repository\net\kyori\adventure-api\4.17.0\adventure-api-4.17.0.jar;C:\Users\ag\.m2\repository\net\kyori\adventure-key\4.17.0\adventure-key-4.17.0.jar;C:\Users\ag\.m2\repository\net\kyori\examination-api\1.3.0\examination-api-1.3.0.jar;C:\Users\ag\.m2\repository\net\kyori\examination-string\1.3.0\examination-string-1.3.0.jar;C:\Users\ag\.m2\repository\org\jetbrains\annotations\24.1.0\annotations-24.1.0.jar;C:\Users\ag\.m2\repository\net\kyori\adventure-text-minimessage\4.17.0\adventure-text-minimessage-4.17.0.jar;C:\Users\ag\.m2\repository\net\kyori\adventure-text-serializer-gson\4.17.0\adventure-text-serializer-gson-4.17.0.jar;C:\Users\ag\.m2\repository\net\kyori\adventure-text-serializer-json\4.17.0\adventure-text-serializer-json-4.17.0.jar;C:\Users\ag\.m2\repository\net\kyori\option\1.0.0\option-1.0.0.jar;C:\Users\ag\.m2\repository\com\google\auto\service\auto-service-annotations\1.1.1\auto-service-annotations-1.1.1.jar;C:\Users\ag\.m2\repository\net\kyori\adventure-text-serializer-legacy\4.17.0\adventure-text-serializer-legacy-4.17.0.jar;C:\Users\ag\.m2\repository\net\kyori\adventure-text-serializer-plain\4.17.0\adventure-text-serializer-plain-4.17.0.jar;C:\Users\ag\.m2\repository\net\kyori\adventure-text-logger-slf4j\4.17.0\adventure-text-logger-slf4j-4.17.0.jar;C:\Users\ag\.m2\repository\org\checkerframework\checker-qual\3.33.0\checker-qual-3.33.0.jar;C:\Users\ag\.m2\repository\org\ow2\asm\asm\9.7.1\asm-9.7.1.jar;C:\Users\ag\.m2\repository\org\ow2\asm\asm-commons\9.7.1\asm-commons-9.7.1.jar;C:\Users\ag\.m2\repository\org\ow2\asm\asm-tree\9.7.1\asm-tree-9.7.1.jar;C:\Users\ag\.m2\repository\org\junit\jupiter\junit-jupiter\5.11.4\junit-jupiter-5.11.4.jar;C:\Users\ag\.m2\repository\org\junit\jupiter\junit-jupiter-api\5.11.4\junit-jupiter-api-5.11.4.jar;C:\Users\ag\.m2\repository\org\opentest4j\opentest4j\1.3.0\opentest4j-1.3.0.jar;C:\Users\ag\.m2\repository\org\junit\platform\junit-platform-commons\1.11.4\junit-platform-commons-1.11.4.jar;C:\Users\ag\.m2\repository\org\apiguardian\apiguardian-api\1.1.2\apiguardian-api-1.1.2.jar;C:\Users\ag\.m2\repository\org\junit\jupiter\junit-jupiter-params\5.11.4\junit-jupiter-params-5.11.4.jar;C:\Users\ag\.m2\repository\org\junit\jupiter\junit-jupiter-engine\5.11.4\junit-jupiter-engine-5.11.4.jar;C:\Users\ag\.m2\repository\org\junit\platform\junit-platform-engine\1.11.4\junit-platform-engine-1.11.4.jar;"/>
    <property name="sun.cpu.endian" value="little"/>
    <property name="user.home" value="C:\Users\ag"/>
    <property name="user.language" value="de"/>
    <property name="java.specification.vendor" value="Oracle Corporation"/>
    <property name="java.version.date" value="2024-01-16"/>
    <property name="java.home" value="C:\Program Files\Java\jdk-21"/>
    <property name="file.separator" value="\"/>
    <property name="basedir" value="E:\nc\private\Webapps\CalculatingChat"/>
    <property name="java.vm.compressedOopsMode" value="Zero based"/>
    <property name="line.separator" value="&#10;"/>
    <property name="java.vm.specification.vendor" value="Oracle Corporation"/>
    <property name="java.specification.name" value="Java Platform API Specification"/>
    <property name="surefire.real.class.path" value="C:\Users\ag\AppData\Local\Temp\surefire14235265803298241867\surefirebooter-20250107223538021_3.jar"/>
    <property name="user.script" value=""/>
    <property name="sun.management.compiler" value="HotSpot 64-Bit Tiered Compilers"/>
    <property name="java.runtime.version" value="21.0.2+13-LTS-58"/>
    <property name="user.name" value="ag"/>
    <property name="stdout.encoding" value="Cp1252"/>
    <property name="path.separator" value=";"/>
    <property name="os.version" value="10.0"/>
    <property name="java.runtime.name" value="Java(TM) SE Runtime Environment"/>
    <property name="file.encoding" value="UTF-8"/>
    <property name="java.vm.name" value="Java HotSpot(TM) 64-Bit Server VM"/>
    <property name="localRepository" value="C:\Users\ag\.m2\repository"/>
    <property name="java.vendor.url.bug" value="https://bugreport.java.com/bugreport/"/>
    <property name="java.io.tmpdir" value="C:\Users\ag\AppData\Local\Temp\"/>
    <property name="idea.version" value="2024.2.1"/>
    <property name="java.version" value="21.0.2"/>
    <property name="user.dir" value="E:\nc\private\Webapps\CalculatingChat"/>
    <property name="os.arch" value="amd64"/>
    <property name="java.vm.specification.name" value="Java Virtual Machine Specification"/>
    <property name="sun.os.patch.level" value=""/>
    <property name="native.encoding" value="Cp1252"/>
    <property name="java.library.path" value="C:\Program Files\Java\jdk-21\bin;C:\Windows\Sun\Java\bin;C:\Windows\system32;C:\Windows;C:\Program Files\Common Files\Oracle\Java\javapath;C:\Windows\system32;C:\Windows;C:\Windows\System32\Wbem;C:\Windows\System32\WindowsPowerShell\v1.0\;C:\Windows\System32\OpenSSH\;C:\HashiCorp\Vagrant\bin;C:\Users\ag\AppData\Local\Programs\Python\Python312\Scripts;C:\Users\ag\AppData\Local\Programs\Python\Python312;C:\Program Files\nodejs\;C:\Users\ag\AppData\Local\Programs\Python\Launcher\;C:\Users\ag\AppData\Local\Microsoft\WindowsApps;C:\Users\ag\AppData\Local\Programs\Microsoft VS Code\bin;C:\Users\ag\AppData\Local\Programs\Git\cmd;C:\Users\ag\AppData\Roaming\npm;."/>
    <property name="java.vm.info" value="mixed mode, sharing"/>
    <property name="stderr.encoding" value="Cp1252"/>
    <property name="java.vendor" value="Oracle Corporation"/>
    <property name="java.vm.version" value="21.0.2+13-LTS-58"/>
    <property name="sun.io.unicode.encoding" value="UnicodeLittle"/>
    <property name="java.class.version" value="65.0"/>
  </properties>
  <testcase name="calculateNetherCoordinates(int, int, int, int)[1]" classname="ch.hatbe.calculatingChat.commands.NetherCoordinatesCommandTest" time="0.048"/>
  <testcase name="calculateNetherCoordinates(int, int, int, int)[2]" classname="ch.hatbe.calculatingChat.commands.NetherCoordinatesCommandTest" time="0.001"/>
  <testcase name="calculateNetherCoordinates(int, int, int, int)[3]" classname="ch.hatbe.calculatingChat.commands.NetherCoordinatesCommandTest" time="0.001"/>
  <testcase name="calculateNetherCoordinates(int, int, int, int)[4]" classname="ch.hatbe.calculatingChat.commands.NetherCoordinatesCommandTest" time="0.001"/>
  <testcase name="calculateNetherCoordinates(int, int, int, int)[5]" classname="ch.hatbe.calculatingChat.commands.NetherCoordinatesCommandTest" time="0.002"/>
  <testcase name="calculateNetherCoordinates(int, int, int, int)[6]" classname="ch.hatbe.calculatingChat.commands.NetherCoordinatesCommandTest" time="0.001"/>
  <testcase name="calculateNetherCoordinates(int, int, int, int)[7]" classname="ch.hatbe.calculatingChat.commands.NetherCoordinatesCommandTest" time="0.001"/>
  <testcase name="calculateNetherCoordinates(int, int, int, int)[8]" classname="ch.hatbe.calculatingChat.commands.NetherCoordinatesCommandTest" time="0.001"/>
  <testcase name="calculateNetherCoordinates(int, int, int, int)[9]" classname="ch.hatbe.calculatingChat.commands.NetherCoordinatesCommandTest" time="0.0"/>
  <testcase name="calculateNetherCoordinates(int, int, int, int)[10]" classname="ch.hatbe.calculatingChat.commands.NetherCoordinatesCommandTest" time="0.001"/>
  <testcase name="calculateNetherCoordinates(int, int, int, int)[11]" classname="ch.hatbe.calculatingChat.commands.NetherCoordinatesCommandTest" time="0.002"/>
  <testcase name="calculateNetherCoordinates(int, int, int, int)[12]" classname="ch.hatbe.calculatingChat.commands.NetherCoordinatesCommandTest" time="0.002"/>
  <testcase name="calculateNetherCoordinates(int, int, int, int)[13]" classname="ch.hatbe.calculatingChat.commands.NetherCoordinatesCommandTest" time="0.001"/>
  <testcase name="calculateNetherCoordinates(int, int, int, int)[14]" classname="ch.hatbe.calculatingChat.commands.NetherCoordinatesCommandTest" time="0.003"/>
  <testcase name="calculateNetherCoordinates(int, int, int, int)[15]" classname="ch.hatbe.calculatingChat.commands.NetherCoordinatesCommandTest" time="0.002"/>
  <testcase name="calculateNetherCoordinatesHandlesLargeNegativeValues" classname="ch.hatbe.calculatingChat.commands.NetherCoordinatesCommandTest" time="0.001"/>
  <testcase name="invalidInputThrowsException" classname="ch.hatbe.calculatingChat.commands.NetherCoordinatesCommandTest" time="0.002"/>
  <testcase name="calculateNetherCoordinatesBoundaryCases(int, int, int, int)[1]" classname="ch.hatbe.calculatingChat.commands.NetherCoordinatesCommandTest" time="0.001"/>
  <testcase name="calculateNetherCoordinatesBoundaryCases(int, int, int, int)[2]" classname="ch.hatbe.calculatingChat.commands.NetherCoordinatesCommandTest" time="0.0"/>
  <testcase name="calculateNetherCoordinatesBoundaryCases(int, int, int, int)[3]" classname="ch.hatbe.calculatingChat.commands.NetherCoordinatesCommandTest" time="0.001"/>
  <testcase name="calculateNetherCoordinatesBoundaryCases(int, int, int, int)[4]" classname="ch.hatbe.calculatingChat.commands.NetherCoordinatesCommandTest" time="0.001"/>
  <testcase name="calculateNetherCoordinatesBoundaryCases(int, int, int, int)[5]" classname="ch.hatbe.calculatingChat.commands.NetherCoordinatesCommandTest" time="0.001"/>
  <testcase name="calculateNetherCoordinatesBoundaryCases(int, int, int, int)[6]" classname="ch.hatbe.calculatingChat.commands.NetherCoordinatesCommandTest" time="0.001"/>
</testsuite>